computer
Computer
genetic
Genetic
mechanical
Mechanical
aeronautical
Aeronautical
software
Software
music
Music
civil
Civil
electrical
Electrical
fine arts
Fine Arts
Fine arts
social
Social
geography
Geography
history
History
fashion
architecture
aerospace
Aerospace
civics
Civics
physics
Physics
chemistry
Chemistry
mathematics
Mathematics
maths
Maths
literature
Literature
english
English
sound
Sound
law
Law
business
Business
management
Management
business management
Business Management
Business management
catering
Catering
hospitality
Hospitality
culinary
Culinary
physical
Physical